<?xml version="1.0" encoding="UTF-8"?>
<testng-results ignored="0" total="2" passed="2" failed="0" skipped="0">
  <reporter-output>
  </reporter-output>
  <suite started-at="2023-05-04T20:55:18 IST" name="Default suite" finished-at="2023-05-04T20:55:44 IST" duration-ms="25463">
    <groups>
    </groups>
    <test started-at="2023-05-04T20:55:18 IST" name="Default test" finished-at="2023-05-04T20:55:44 IST" duration-ms="25463">
      <class name="com.script.LoginPageTest">
        <test-method is-config="true" signature="openApplication()[pri:0, instance:com.script.LoginPageTest@4d9e68d0]" started-at="2023-05-04T20:55:18 IST" name="openApplication" finished-at="2023-05-04T20:55:27 IST" duration-ms="9331" status="PASS">
          <reporter-output>
          </reporter-output>
        </test-method> <!-- openApplication -->
        <test-method signature="testLoginPage()[pri:0, instance:com.script.LoginPageTest@4d9e68d0]" started-at="2023-05-04T20:55:27 IST" name="testLoginPage" finished-at="2023-05-04T20:55:30 IST" duration-ms="2554" status="PASS">
          <reporter-output>
          </reporter-output>
        </test-method> <!-- testLoginPage -->
        <test-method is-config="true" signature="closeApplication(org.testng.ITestResult)[pri:0, instance:com.script.LoginPageTest@4d9e68d0]" started-at="2023-05-04T20:55:30 IST" name="closeApplication" finished-at="2023-05-04T20:55:30 IST" duration-ms="280" status="PASS">
          <params>
            <param index="0">
              <value>
                <![CDATA[[TestResult name=testLoginPage status=SUCCESS method=LoginPageTest.testLoginPage()[pri:0, instance:com.script.LoginPageTest@4d9e68d0] output={null}]]]>
              </value>
            </param>
          </params>
          <reporter-output>
          </reporter-output>
        </test-method> <!-- closeApplication -->
      </class> <!-- com.script.LoginPageTest -->
      <class name="com.script.NewCustomerPageTest">
        <test-method is-config="true" signature="openApplication()[pri:0, instance:com.script.NewCustomerPageTest@222545dc]" started-at="2023-05-04T20:55:30 IST" name="openApplication" finished-at="2023-05-04T20:55:37 IST" duration-ms="6530" status="PASS">
          <reporter-output>
          </reporter-output>
        </test-method> <!-- openApplication -->
        <test-method signature="testNewCustomerPage()[pri:0, instance:com.script.NewCustomerPageTest@222545dc]" started-at="2023-05-04T20:55:37 IST" name="testNewCustomerPage" finished-at="2023-05-04T20:55:43 IST" duration-ms="6486" status="PASS">
          <reporter-output>
          </reporter-output>
        </test-method> <!-- testNewCustomerPage -->
        <test-method is-config="true" signature="closeApplication(org.testng.ITestResult)[pri:0, instance:com.script.NewCustomerPageTest@222545dc]" started-at="2023-05-04T20:55:43 IST" name="closeApplication" finished-at="2023-05-04T20:55:44 IST" duration-ms="225" status="PASS">
          <params>
            <param index="0">
              <value>
                <![CDATA[[TestResult name=testNewCustomerPage status=SUCCESS method=NewCustomerPageTest.testNewCustomerPage()[pri:0, instance:com.script.NewCustomerPageTest@222545dc] output={null}]]]>
              </value>
            </param>
          </params>
          <reporter-output>
          </reporter-output>
        </test-method> <!-- closeApplication -->
      </class> <!-- com.script.NewCustomerPageTest -->
    </test> <!-- Default test -->
  </suite> <!-- Default suite -->
</testng-results>
